AH00112: Warning: DocumentRoot [/var/www/html/] does not exist
AH00112: Warning: DocumentRoot [/var/www/b2b/] does not exist
AH00112: Warning: DocumentRoot [/var/www/intranet/] does not exist
AH00112: Warning: DocumentRoot [/var/www/www/] does not exist
AH00558: apache2: Could not reliably determine the server's fully qualified domain name, using 172.17.0.2. Set the 'ServerName' directive globally to suppress this message
[Tue Mar 15 14:17:49.896398 2016] [mpm_prefork:notice] [pid 8] AH00163: Apache/2.4.10 (Debian) configured -- resuming normal operations
[Tue Mar 15 14:17:49.896470 2016] [core:notice] [pid 8] AH00094: Command line: '/usr/sbin/apache2 -D FOREGROUND'
AH00112: Warning: DocumentRoot [/var/www/html/] does not exist
AH00112: Warning: DocumentRoot [/var/www/b2b/] does not exist
AH00112: Warning: DocumentRoot [/var/www/intranet/] does not exist
AH00112: Warning: DocumentRoot [/var/www/www/] does not exist
AH00558: apache2: Could not reliably determine the server's fully qualified domain name, using 172.17.0.2. Set the 'ServerName' directive globally to suppress this message
[Tue Mar 15 15:14:56.137945 2016] [core:warn] [pid 6] AH00098: pid file /var/run/apache2/apache2.pid overwritten -- Unclean shutdown of previous Apache run?
[Tue Mar 15 15:14:56.148884 2016] [mpm_prefork:notice] [pid 6] AH00163: Apache/2.4.10 (Debian) configured -- resuming normal operations
[Tue Mar 15 15:14:56.148956 2016] [core:notice] [pid 6] AH00094: Command line: '/usr/sbin/apache2 -D FOREGROUND'
[Thu Mar 17 21:48:53.368987 2016] [mpm_prefork:notice] [pid 6] AH00169: caught SIGTERM, shutting down
AH00112: Warning: DocumentRoot [/var/www/html/] does not exist
AH00112: Warning: DocumentRoot [/var/www/b2b/] does not exist
AH00112: Warning: DocumentRoot [/var/www/intranet/] does not exist
AH00112: Warning: DocumentRoot [/var/www/www/] does not exist
AH00558: apache2: Could not reliably determine the server's fully qualified domain name, using 172.17.0.2. Set the 'ServerName' directive globally to suppress this message
[Thu Mar 17 21:51:26.298091 2016] [mpm_prefork:notice] [pid 7] AH00163: Apache/2.4.10 (Debian) configured -- resuming normal operations
[Thu Mar 17 21:51:26.298261 2016] [core:notice] [pid 7] AH00094: Command line: '/usr/sbin/apache2 -D FOREGROUND'
[Thu Mar 17 22:13:02.697838 2016] [mpm_prefork:notice] [pid 7] AH00171: Graceful restart requested, doing restart
AH00112: Warning: DocumentRoot [/var/www/html/] does not exist
AH00112: Warning: DocumentRoot [/var/www/b2b/] does not exist
AH00112: Warning: DocumentRoot [/var/www/intranet/] does not exist
AH00112: Warning: DocumentRoot [/var/www/www/] does not exist
AH00558: apache2: Could not reliably determine the server's fully qualified domain name, using 172.17.0.2. Set the 'ServerName' directive globally to suppress this message
[Thu Mar 17 22:13:02.812396 2016] [mpm_prefork:notice] [pid 7] AH00163: Apache/2.4.10 (Debian) configured -- resuming normal operations
[Thu Mar 17 22:13:02.812410 2016] [core:notice] [pid 7] AH00094: Command line: '/usr/sbin/apache2 -D FOREGROUND'
[Thu Mar 17 22:17:45.250239 2016] [mpm_prefork:notice] [pid 7] AH00171: Graceful restart requested, doing restart
AH00112: Warning: DocumentRoot [/var/www/html/] does not exist
AH00112: Warning: DocumentRoot [/var/www/b2b/] does not exist
AH00112: Warning: DocumentRoot [/var/www/intranet/] does not exist
AH00558: apache2: Could not reliably determine the server's fully qualified domain name, using 172.17.0.2. Set the 'ServerName' directive globally to suppress this message
[Thu Mar 17 22:17:45.355281 2016] [mpm_prefork:notice] [pid 7] AH00163: Apache/2.4.10 (Debian) configured -- resuming normal operations
[Thu Mar 17 22:17:45.355299 2016] [core:notice] [pid 7] AH00094: Command line: '/usr/sbin/apache2 -D FOREGROUND'
[Thu Mar 17 22:25:50.341632 2016] [mpm_prefork:notice] [pid 7] AH00171: Graceful restart requested, doing restart
AH00112: Warning: DocumentRoot [/var/www/html/] does not exist
AH00112: Warning: DocumentRoot [/var/www/b2b/] does not exist
AH00112: Warning: DocumentRoot [/var/www/intranet/] does not exist
AH00558: apache2: Could not reliably determine the server's fully qualified domain name, using 172.17.0.2. Set the 'ServerName' directive globally to suppress this message
[Thu Mar 17 22:25:50.448531 2016] [mpm_prefork:notice] [pid 7] AH00163: Apache/2.4.10 (Debian) configured -- resuming normal operations
[Thu Mar 17 22:25:50.448553 2016] [core:notice] [pid 7] AH00094: Command line: '/usr/sbin/apache2 -D FOREGROUND'
[Thu Mar 17 22:34:03.958563 2016] [mpm_prefork:notice] [pid 7] AH00171: Graceful restart requested, doing restart
AH00112: Warning: DocumentRoot [/var/www/html/] does not exist
AH00112: Warning: DocumentRoot [/var/www/b2b/] does not exist
AH00112: Warning: DocumentRoot [/var/www/intranet/] does not exist
AH00558: apache2: Could not reliably determine the server's fully qualified domain name, using 172.17.0.2. Set the 'ServerName' directive globally to suppress this message
[Thu Mar 17 22:34:04.068685 2016] [mpm_prefork:notice] [pid 7] AH00163: Apache/2.4.10 (Debian) configured -- resuming normal operations
[Thu Mar 17 22:34:04.068703 2016] [core:notice] [pid 7] AH00094: Command line: '/usr/sbin/apache2 -D FOREGROUND'
[Thu Mar 17 22:50:31.266916 2016] [mpm_prefork:notice] [pid 7] AH00171: Graceful restart requested, doing restart
AH00112: Warning: DocumentRoot [/var/www/html/] does not exist
AH00112: Warning: DocumentRoot [/var/www/b2b/] does not exist
AH00112: Warning: DocumentRoot [/var/www/intranet/] does not exist
AH00558: apache2: Could not reliably determine the server's fully qualified domain name, using 172.17.0.2. Set the 'ServerName' directive globally to suppress this message
[Thu Mar 17 22:50:31.376324 2016] [mpm_prefork:notice] [pid 7] AH00163: Apache/2.4.10 (Debian) configured -- resuming normal operations
[Thu Mar 17 22:50:31.376339 2016] [core:notice] [pid 7] AH00094: Command line: '/usr/sbin/apache2 -D FOREGROUND'
[Thu Mar 17 23:35:11.576308 2016] [mpm_prefork:notice] [pid 7] AH00171: Graceful restart requested, doing restart
AH00112: Warning: DocumentRoot [/var/www/html/] does not exist
AH00112: Warning: DocumentRoot [/var/www/b2b/] does not exist
AH00112: Warning: DocumentRoot [/var/www/intranet/] does not exist
AH00558: apache2: Could not reliably determine the server's fully qualified domain name, using 172.17.0.2. Set the 'ServerName' directive globally to suppress this message
[Thu Mar 17 23:35:11.756839 2016] [mpm_prefork:notice] [pid 7] AH00163: Apache/2.4.10 (Debian) configured -- resuming normal operations
[Thu Mar 17 23:35:11.756859 2016] [core:notice] [pid 7] AH00094: Command line: '/usr/sbin/apache2 -D FOREGROUND'
[Fri Mar 18 00:02:20.452738 2016] [mpm_prefork:notice] [pid 7] AH00171: Graceful restart requested, doing restart
AH00112: Warning: DocumentRoot [/var/www/html/] does not exist
AH00112: Warning: DocumentRoot [/var/www/b2b/] does not exist
AH00112: Warning: DocumentRoot [/var/www/intranet/] does not exist
AH00558: apache2: Could not reliably determine the server's fully qualified domain name, using 172.17.0.2. Set the 'ServerName' directive globally to suppress this message
[Fri Mar 18 00:02:20.600591 2016] [mpm_prefork:notice] [pid 7] AH00163: Apache/2.4.10 (Debian) configured -- resuming normal operations
[Fri Mar 18 00:02:20.600610 2016] [core:notice] [pid 7] AH00094: Command line: '/usr/sbin/apache2 -D FOREGROUND'
[Fri Mar 18 01:13:52.891086 2016] [mpm_prefork:notice] [pid 7] AH00171: Graceful restart requested, doing restart
AH00112: Warning: DocumentRoot [/var/www/html/] does not exist
AH00558: apache2: Could not reliably determine the server's fully qualified domain name, using 172.17.0.2. Set the 'ServerName' directive globally to suppress this message
[Fri Mar 18 01:13:53.277548 2016] [mpm_prefork:notice] [pid 7] AH00163: Apache/2.4.10 (Debian) configured -- resuming normal operations
[Fri Mar 18 01:13:53.277565 2016] [core:notice] [pid 7] AH00094: Command line: '/usr/sbin/apache2 -D FOREGROUND'
[Fri Mar 18 23:04:03.793612 2016] [mpm_prefork:notice] [pid 7] AH00171: Graceful restart requested, doing restart
AH00112: Warning: DocumentRoot [/var/www/html/] does not exist
AH00558: apache2: Could not reliably determine the server's fully qualified domain name, using 172.17.0.2. Set the 'ServerName' directive globally to suppress this message
[Fri Mar 18 23:04:04.055232 2016] [mpm_prefork:notice] [pid 7] AH00163: Apache/2.4.10 (Debian) configured -- resuming normal operations
[Fri Mar 18 23:04:04.055265 2016] [core:notice] [pid 7] AH00094: Command line: '/usr/sbin/apache2 -D FOREGROUND'
AH00112: Warning: DocumentRoot [/var/www/html/] does not exist
AH00558: apache2: Could not reliably determine the server's fully qualified domain name, using 172.17.0.2. Set the 'ServerName' directive globally to suppress this message
[Thu Apr 14 20:00:01.293979 2016] [core:warn] [pid 8] AH00098: pid file /var/run/apache2/apache2.pid overwritten -- Unclean shutdown of previous Apache run?
[Thu Apr 14 20:00:01.307400 2016] [mpm_prefork:notice] [pid 8] AH00163: Apache/2.4.10 (Debian) configured -- resuming normal operations
[Thu Apr 14 20:00:01.310464 2016] [core:notice] [pid 8] AH00094: Command line: '/usr/sbin/apache2 -D FOREGROUND'
